Arguments: 
  /Users/dima/.nvm/versions/node/v9.11.2/bin/node /Users/dima/.yarn/bin/yarn.js add transform-object-assign autoprefixer

PATH: 
  /Users/dima/.yarn/bin:/Users/dima/.config/yarn/global/node_modules/.bin:/usr/local/opt/imagemagick@6/bin:/Users/dima/.rbenv/shims:/usr/local/opt/rbenv/bin:/Users/dima/.rbenv/shims:/Users/dima/.nvm/versions/node/v9.11.2/bin:/usr/local/bin:/usr/bin:/bin:/usr/sbin:/sbin:/Applications/Visual Studio Code.app/Contents/Resources/app/bin:/Applications/Sublime Text.app/Contents/SharedSupport/bin:~/.composer/vendor/bin:~/.config/yarn/global/node_modules/.bin:/Users/dima/.composer/vendor/bin

Yarn version: 
  1.7.0

Node version: 
  9.11.2

Platform: 
  darwin x64

Trace: 
  Error: https://registry.yarnpkg.com/transform-object-assign: Not found
      at Request.params.callback [as _callback] (/Users/dima/.yarn/lib/cli.js:65656:18)
      at Request.self.callback (/Users/dima/.yarn/lib/cli.js:134675:22)
      at Request.emit (events.js:180:13)
      at Request.<anonymous> (/Users/dima/.yarn/lib/cli.js:135658:10)
      at Request.emit (events.js:180:13)
      at IncomingMessage.<anonymous> (/Users/dima/.yarn/lib/cli.js:135578:12)
      at Object.onceWrapper (events.js:272:13)
      at IncomingMessage.emit (events.js:185:15)
      at endReadableNT (_stream_readable.js:1106:12)
      at process._tickCallback (internal/process/next_tick.js:178:19)

npm manifest: 
  {
    "name": "cogearjs.org",
    "version": "1.0.0",
    "main": "index.js",
    "repository": "https://gitlab.com/CuamckuyKot/cogearjs.org",
    "author": "Dmitriy Beliaev <admin@cogear.ru> (https://cogear.org)",
    "license": "MIT",
    "dependencies": {
      "animate.css": "^3.7.0",
      "aos": "^2.3.3",
      "bulma": "^0.7.1",
      "github-markdown-css": "^2.10.0",
      "highlight.js": "^9.12.0",
      "lodash": "^4.17.10",
      "smooth-scroll": "^14.2.1",
      "smoothscroll-polyfill": "^0.4.3",
      "throttle-debounce": "^2.0.1",
      "typed.js": "^2.0.9",
      "vue": "^2.5.17"
    }
  }

yarn manifest: 
  No manifest

Lockfile: 
  # THIS IS AN AUTOGENERATED FILE. DO NOT EDIT THIS FILE DIRECTLY.
  # yarn lockfile v1
  
  
  animate.css@^3.7.0:
    version "3.7.0"
    resolved "https://registry.yarnpkg.com/animate.css/-/animate.css-3.7.0.tgz#5de25d1ee5fba11ba6a1e2c4fa568f512eb7d4da"
  
  aos@^2.3.3:
    version "2.3.3"
    resolved "https://registry.yarnpkg.com/aos/-/aos-2.3.3.tgz#bddbe68fc73f7e90ff95f5d0f3810fee5acacbe2"
    dependencies:
      classlist-polyfill "^1.0.3"
      lodash.debounce "^4.0.6"
      lodash.throttle "^4.0.1"
  
  bulma@^0.7.1:
    version "0.7.1"
    resolved "https://registry.yarnpkg.com/bulma/-/bulma-0.7.1.tgz#73c2e3b2930c90cc272029cbd19918b493fca486"
  
  classlist-polyfill@^1.0.3:
    version "1.2.0"
    resolved "https://registry.yarnpkg.com/classlist-polyfill/-/classlist-polyfill-1.2.0.tgz#935bc2dfd9458a876b279617514638bcaa964a2e"
  
  github-markdown-css@^2.10.0:
    version "2.10.0"
    resolved "https://registry.yarnpkg.com/github-markdown-css/-/github-markdown-css-2.10.0.tgz#0612fed22816b33b282f37ef8def7a4ecabfe993"
  
  highlight.js@^9.12.0:
    version "9.12.0"
    resolved "https://registry.yarnpkg.com/highlight.js/-/highlight.js-9.12.0.tgz#e6d9dbe57cbefe60751f02af336195870c90c01e"
  
  lodash.debounce@^4.0.6:
    version "4.0.8"
    resolved "https://registry.yarnpkg.com/lodash.debounce/-/lodash.debounce-4.0.8.tgz#82d79bff30a67c4005ffd5e2515300ad9ca4d7af"
  
  lodash.throttle@^4.0.1:
    version "4.1.1"
    resolved "https://registry.yarnpkg.com/lodash.throttle/-/lodash.throttle-4.1.1.tgz#c23e91b710242ac70c37f1e1cda9274cc39bf2f4"
  
  lodash@^4.17.10:
    version "4.17.10"
    resolved "https://registry.yarnpkg.com/lodash/-/lodash-4.17.10.tgz#1b7793cf7259ea38fb3661d4d38b3260af8ae4e7"
  
  smooth-scroll@^14.2.1:
    version "14.2.1"
    resolved "https://registry.yarnpkg.com/smooth-scroll/-/smooth-scroll-14.2.1.tgz#2883128569d0eb32fc63ef34d91a4290f43c7515"
  
  smoothscroll-polyfill@^0.4.3:
    version "0.4.3"
    resolved "https://registry.yarnpkg.com/smoothscroll-polyfill/-/smoothscroll-polyfill-0.4.3.tgz#94e5f2d604efcceb53f23ff0380d7ea7280d4bff"
  
  throttle-debounce@^2.0.1:
    version "2.0.1"
    resolved "https://registry.yarnpkg.com/throttle-debounce/-/throttle-debounce-2.0.1.tgz#7307ddd6cd9acadb349132fbf6c18d78c88a5e62"
  
  typed.js@^2.0.9:
    version "2.0.9"
    resolved "https://registry.yarnpkg.com/typed.js/-/typed.js-2.0.9.tgz#2e4e590466938ecb2ef5ec966a79b2d9381495ff"
  
  vue@^2.5.17:
    version "2.5.17"
    resolved "https://registry.yarnpkg.com/vue/-/vue-2.5.17.tgz#0f8789ad718be68ca1872629832ed533589c6ada"
